<?xml version="1.0" encoding="UTF-8"?>
<!-- Generated by org.testng.reporters.JUnitXMLReporter -->
<testsuite ignored="0" hostname="HP-PC" failures="0" tests="3" name="Test" time="355.482" errors="0" timestamp="2020-09-16T16:50:50 IST">
  <testcase classname="Framework.E2E.validateTitle" name="getTitle" time="182.625"/>
  <testcase classname="Framework.E2E.homeLogin" name="Page" time="44.723"/>
  <testcase classname="Framework.E2E.homeLogin" name="Page" time="9.588"/>
</testsuite> <!-- Test -->
